<?xml version="1.0" encoding="UTF-8"?>
<response>

<lst name="responseHeader">
  <int name="status">0</int>
  <int name="QTime">39</int>
  <lst name="params">
    <str name="echoParams">explicit</str>
    <str name="indent">true</str>
    <str name="file">data-lines/reut2-000.sgm-0.txt</str>
    <str name="wt">xml</str>
    <str name="formula">normal</str>
  </lst>
</lst>
<lst name="analysis">
  <lst name="summary">
    <lst name="stats">
      <lst name="sentences">
        <int name="count">23</int>
      </lst>
      <lst name="terms">
        <int name="count">76</int>
      </lst>
      <lst name="stems">
        <int name="count">48</int>
      </lst>
    </lst>
    <lst name="terms">
      <lst name="term">
        <str name="text">times</str>
        <double name="strength">1.0</double>
      </lst>
      <lst name="term">
        <str name="text">sales</str>
        <double name="strength">0.9271726499455306</double>
      </lst>
      <lst name="term">
        <str name="text">cocoa</str>
        <double name="strength">0.7947194142390276</double>
      </lst>
      <lst name="term">
        <str name="text">comissaria</str>
        <double name="strength">0.6622661785325225</double>
      </lst>
      <lst name="term">
        <str name="text">smith</str>
        <double name="strength">0.6622661785325225</double>
      </lst>
    </lst>
    <lst name="sentences">
      <lst name="sentence">
        <str name="text">Liquor sales were limited with March/April selling at 2,325 and 2,380 dlrs, June/July at 2,375 dlrs and at 1.25 times New York July, Aug/Sept at 2,400 dlrs and at 1.25 times New York Sept and Oct/Dec at 1.25 times New York Dec, Comissaria Smith said.</str>
        <int name="index">19</int>
        <int name="start">1</int>
        <int name="end">251</int>
        <double name="strength">0.28867513459481264</double>
      </lst>
      <lst name="sentence">
        <str name="text">April/May butter went at 2.27 times New York May, June/July at 4,400 and 4,415 dlrs, Aug/Sept at 4,351 to 4,450 dlrs and at 2.27 and 2.28 times New York Sept and Oct/Dec at 4,480 dlrs and 2.27 times New York Dec, Comissaria Smith said.</str>
        <int name="index">13</int>
        <int name="start">1</int>
        <int name="end">236</int>
        <double name="strength">0.5204164998665327</double>
      </lst>
      <lst name="sentence">
        <str name="text">Cake sales were registered at 785 to 995 dlrs for March/April, 785 dlrs for May, 753 dlrs for Aug and 0.39 times New York Dec for Oct/Dec.</str>
        <int name="index">16</int>
        <int name="start">1</int>
        <int name="end">139</int>
        <double name="strength">0.4564354645876379</double>
      </lst>
      <lst name="sentence">
        <str name="text">Showers continued throughout the week in the Bahia cocoa zone, alleviating the drought since early January and improving prospects for the coming temporao, although normal humidity levels have not been restored, Comissaria Smith said in its weekly review.</str>
        <int name="index">0</int>
        <int name="start">0</int>
        <int name="end">255</int>
        <double name="strength">1.0</double>
      </lst>
      <lst name="sentence">
        <str name="text">Bean shippers were reluctant to offer nearby shipment and only limited sales were booked for March shipment at 1,750 to 1,780 dlrs per tonne to ports to be named.</str>
        <int name="index">9</int>
        <int name="start">1</int>
        <int name="end">163</int>
        <double name="strength">0.5590169943749472</double>
      </lst>
    </lst>
    <lst name="highlighted">
      <lst name="sentence">
        <str name="text">&lt;em&gt;Liquor sales&lt;/em&gt; were &lt;em&gt;limited&lt;/em&gt; with &lt;em&gt;March/April selling&lt;/em&gt; at 2,325 and 2,380 dlrs, June/July at 2,375 dlrs and at 1.25 &lt;em&gt;times&lt;/em&gt; New York July, Aug/Sept at 2,400 dlrs and at 1.25 &lt;em&gt;times&lt;/em&gt; New York Sept and Oct/Dec at 1.25 &lt;em&gt;times&lt;/em&gt; New York Dec, &lt;em&gt;Comissaria Smith said&lt;/em&gt;.</str>
        <int name="index">19</int>
      </lst>
      <lst name="sentence">
        <str name="text">&lt;em&gt;April&lt;/em&gt;/May &lt;em&gt;butter&lt;/em&gt; went at 2.27 &lt;em&gt;times&lt;/em&gt; New York May, June/July at 4,400 and 4,415 dlrs, Aug/Sept at 4,351 to 4,450 dlrs and at 2.27 and 2.28 &lt;em&gt;times&lt;/em&gt; New York Sept and Oct/Dec at 4,480 dlrs and 2.27 &lt;em&gt;times&lt;/em&gt; New York Dec, &lt;em&gt;Comissaria Smith said&lt;/em&gt;.</str>
        <int name="index">13</int>
      </lst>
      <lst name="sentence">
        <str name="text">Cake &lt;em&gt;sales&lt;/em&gt; were registered at 785 to 995 dlrs for &lt;em&gt;March/April, 785&lt;/em&gt; dlrs for May, 753 dlrs for Aug and 0.39 &lt;em&gt;times&lt;/em&gt; New York Dec for Oct/Dec.</str>
        <int name="index">16</int>
      </lst>
      <lst name="sentence">
        <str name="text">&lt;em&gt;Showers&lt;/em&gt; continued throughout the week in the &lt;em&gt;Bahia cocoa&lt;/em&gt; zone, alleviating the &lt;em&gt;drought&lt;/em&gt; since &lt;em&gt;early January&lt;/em&gt; and improving &lt;em&gt;prospects&lt;/em&gt; for the coming &lt;em&gt;temporao,&lt;/em&gt; although &lt;em&gt;normal humidity levels&lt;/em&gt; have not been restored, &lt;em&gt;Comissaria Smith&lt;/em&gt; said in its &lt;em&gt;weekly review&lt;/em&gt;.</str>
        <int name="index">0</int>
      </lst>
      <lst name="sentence">
        <str name="text">Bean &lt;em&gt;shippers&lt;/em&gt; were &lt;em&gt;reluctant&lt;/em&gt; to &lt;em&gt;offer nearby shipment&lt;/em&gt; and only &lt;em&gt;limited sales&lt;/em&gt; were &lt;em&gt;booked&lt;/em&gt; for &lt;em&gt;March shipment&lt;/em&gt; at 1,750 to 1,780 dlrs per &lt;em&gt;tonne&lt;/em&gt; to &lt;em&gt;ports&lt;/em&gt; to be named.</str>
        <int name="index">9</int>
      </lst>
    </lst>
  </lst>
</lst>
</response>
